mode: set
github.com/rpwatkins/socrates/cmd/clean.go:17.47,19.3 1 0
github.com/rpwatkins/socrates/cmd/clean.go:22.13,24.2 1 1
github.com/rpwatkins/socrates/cmd/clean.go:26.25,29.16 2 0
github.com/rpwatkins/socrates/cmd/clean.go:33.2,33.13 1 0
github.com/rpwatkins/socrates/cmd/clean.go:37.2,37.52 1 0
github.com/rpwatkins/socrates/cmd/clean.go:29.16,32.3 2 0
github.com/rpwatkins/socrates/cmd/clean.go:33.13,36.3 2 0
github.com/rpwatkins/socrates/cmd/clean.go:37.52,41.3 3 0
github.com/rpwatkins/socrates/cmd/clean.go:45.52,47.16 2 0
github.com/rpwatkins/socrates/cmd/clean.go:50.2,50.29 1 0
github.com/rpwatkins/socrates/cmd/clean.go:57.2,57.12 1 0
github.com/rpwatkins/socrates/cmd/clean.go:47.16,49.3 1 0
github.com/rpwatkins/socrates/cmd/clean.go:50.29,53.17 3 0
github.com/rpwatkins/socrates/cmd/clean.go:53.17,55.4 1 0
github.com/rpwatkins/socrates/cmd/docbook.go:17.47,19.3 1 0
github.com/rpwatkins/socrates/cmd/docbook.go:22.13,24.2 1 1
github.com/rpwatkins/socrates/cmd/docbook.go:26.21,31.16 2 0
github.com/rpwatkins/socrates/cmd/docbook.go:35.2,51.34 7 0
github.com/rpwatkins/socrates/cmd/docbook.go:31.16,34.3 2 0
github.com/rpwatkins/socrates/cmd/docbook.go:51.34,56.3 2 0
github.com/rpwatkins/socrates/cmd/fopub.go:18.47,20.3 1 0
github.com/rpwatkins/socrates/cmd/fopub.go:23.13,25.2 1 1
github.com/rpwatkins/socrates/cmd/fopub.go:27.19,32.16 2 0
github.com/rpwatkins/socrates/cmd/fopub.go:36.2,52.34 7 0
github.com/rpwatkins/socrates/cmd/fopub.go:60.2,65.35 4 0
github.com/rpwatkins/socrates/cmd/fopub.go:32.16,35.3 2 0
github.com/rpwatkins/socrates/cmd/fopub.go:52.34,58.3 3 0
github.com/rpwatkins/socrates/cmd/fopub.go:65.35,71.3 3 0
github.com/rpwatkins/socrates/cmd/pdf.go:17.47,19.3 1 0
github.com/rpwatkins/socrates/cmd/pdf.go:22.13,24.2 1 1
github.com/rpwatkins/socrates/cmd/pdf.go:26.17,31.16 2 0
github.com/rpwatkins/socrates/cmd/pdf.go:35.2,54.34 8 0
github.com/rpwatkins/socrates/cmd/pdf.go:31.16,34.3 2 0
github.com/rpwatkins/socrates/cmd/pdf.go:54.34,60.3 3 0
github.com/rpwatkins/socrates/cmd/root.go:21.16,24.16 2 0
github.com/rpwatkins/socrates/cmd/root.go:24.16,27.3 2 0
github.com/rpwatkins/socrates/cmd/root.go:30.13,32.2 1 1
github.com/rpwatkins/socrates/cmd/root.go:34.20,59.2 0 0
github.com/rpwatkins/socrates/cmd/version.go:12.47,14.3 1 0
github.com/rpwatkins/socrates/cmd/version.go:17.13,19.2 1 1
github.com/rpwatkins/socrates/cmd/version.go:21.16,24.2 1 0
github.com/rpwatkins/socrates/cmd/html.go:17.47,19.3 1 0
github.com/rpwatkins/socrates/cmd/html.go:22.13,24.2 1 1
github.com/rpwatkins/socrates/cmd/html.go:26.18,31.16 2 0
github.com/rpwatkins/socrates/cmd/html.go:35.2,52.34 7 0
github.com/rpwatkins/socrates/cmd/html.go:31.16,34.3 2 0
github.com/rpwatkins/socrates/cmd/html.go:52.34,56.3 3 0
github.com/rpwatkins/socrates/cmd/init.go:20.47,24.3 2 0
github.com/rpwatkins/socrates/cmd/init.go:27.13,29.2 1 1
github.com/rpwatkins/socrates/cmd/init.go:31.31,35.16 2 1
github.com/rpwatkins/socrates/cmd/init.go:39.2,39.12 1 1
github.com/rpwatkins/socrates/cmd/init.go:45.2,45.36 1 1
github.com/rpwatkins/socrates/cmd/init.go:50.2,50.39 1 1
github.com/rpwatkins/socrates/cmd/init.go:35.16,38.3 2 0
github.com/rpwatkins/socrates/cmd/init.go:39.12,42.3 2 0
github.com/rpwatkins/socrates/cmd/init.go:45.36,49.3 3 0
github.com/rpwatkins/socrates/cmd/init.go:53.27,65.2 1 1
github.com/rpwatkins/socrates/cmd/init.go:67.38,87.2 18 1
github.com/rpwatkins/socrates/cmd/init.go:89.33,92.32 2 1
github.com/rpwatkins/socrates/cmd/init.go:107.2,107.34 1 1
github.com/rpwatkins/socrates/cmd/init.go:150.2,150.12 1 1
github.com/rpwatkins/socrates/cmd/init.go:92.32,94.17 2 1
github.com/rpwatkins/socrates/cmd/init.go:97.3,97.13 1 1
github.com/rpwatkins/socrates/cmd/init.go:94.17,96.4 1 0
github.com/rpwatkins/socrates/cmd/init.go:97.13,99.4 1 0
github.com/rpwatkins/socrates/cmd/init.go:99.9,100.44 1 1
github.com/rpwatkins/socrates/cmd/init.go:103.4,103.37 1 1
github.com/rpwatkins/socrates/cmd/init.go:100.44,102.5 1 0
github.com/rpwatkins/socrates/cmd/init.go:107.34,109.17 2 1
github.com/rpwatkins/socrates/cmd/init.go:112.3,112.13 1 1
github.com/rpwatkins/socrates/cmd/init.go:109.17,111.4 1 0
github.com/rpwatkins/socrates/cmd/init.go:112.13,114.4 1 0
github.com/rpwatkins/socrates/cmd/init.go:114.9,117.18 2 1
github.com/rpwatkins/socrates/cmd/init.go:120.4,120.31 1 1
github.com/rpwatkins/socrates/cmd/init.go:147.4,147.36 1 1
github.com/rpwatkins/socrates/cmd/init.go:117.18,119.5 1 0
github.com/rpwatkins/socrates/cmd/init.go:120.31,127.19 4 1
github.com/rpwatkins/socrates/cmd/init.go:130.5,137.94 4 1
github.com/rpwatkins/socrates/cmd/init.go:127.19,129.6 1 0
github.com/rpwatkins/socrates/cmd/init.go:137.94,139.6 1 0
github.com/rpwatkins/socrates/cmd/init.go:140.10,142.93 1 1
github.com/rpwatkins/socrates/cmd/init.go:142.93,144.6 1 0
github.com/rpwatkins/socrates/cmd/new.go:29.47,32.3 1 0
github.com/rpwatkins/socrates/cmd/new.go:41.47,44.3 1 0
github.com/rpwatkins/socrates/cmd/new.go:52.47,55.3 1 0
github.com/rpwatkins/socrates/cmd/new.go:58.13,66.2 4 1
github.com/rpwatkins/socrates/cmd/new.go:68.42,73.16 4 1
github.com/rpwatkins/socrates/cmd/new.go:77.2,77.12 1 1
github.com/rpwatkins/socrates/cmd/new.go:82.2,82.45 1 1
github.com/rpwatkins/socrates/cmd/new.go:86.2,88.68 2 1
github.com/rpwatkins/socrates/cmd/new.go:73.16,76.3 2 0
github.com/rpwatkins/socrates/cmd/new.go:77.12,80.3 2 0
github.com/rpwatkins/socrates/cmd/new.go:82.45,85.3 2 0
github.com/rpwatkins/socrates/cmd/new.go:88.68,91.3 2 0
github.com/rpwatkins/socrates/cmd/new.go:94.45,101.16 6 1
github.com/rpwatkins/socrates/cmd/new.go:105.2,105.12 1 1
github.com/rpwatkins/socrates/cmd/new.go:109.2,111.71 2 1
github.com/rpwatkins/socrates/cmd/new.go:101.16,104.3 2 0
github.com/rpwatkins/socrates/cmd/new.go:105.12,108.3 2 0
github.com/rpwatkins/socrates/cmd/new.go:111.71,114.3 2 0
github.com/rpwatkins/socrates/cmd/new.go:117.46,122.16 4 1
github.com/rpwatkins/socrates/cmd/new.go:126.2,126.12 1 1
github.com/rpwatkins/socrates/cmd/new.go:130.2,132.72 2 1
github.com/rpwatkins/socrates/cmd/new.go:122.16,125.3 2 0
github.com/rpwatkins/socrates/cmd/new.go:126.12,129.3 2 0
github.com/rpwatkins/socrates/cmd/new.go:132.72,135.3 2 0
github.com/rpwatkins/socrates/cmd/new.go:138.70,143.16 3 1
github.com/rpwatkins/socrates/cmd/new.go:148.2,152.16 4 1
github.com/rpwatkins/socrates/cmd/new.go:155.2,158.102 2 1
github.com/rpwatkins/socrates/cmd/new.go:162.2,163.16 2 1
github.com/rpwatkins/socrates/cmd/new.go:167.2,171.17 4 1
github.com/rpwatkins/socrates/cmd/new.go:175.2,181.12 3 1
github.com/rpwatkins/socrates/cmd/new.go:143.16,145.3 1 0
github.com/rpwatkins/socrates/cmd/new.go:152.16,154.3 1 0
github.com/rpwatkins/socrates/cmd/new.go:158.102,160.3 1 0
github.com/rpwatkins/socrates/cmd/new.go:163.16,166.3 2 0
github.com/rpwatkins/socrates/cmd/new.go:171.17,174.3 2 0
github.com/rpwatkins/socrates/cmd/refresh.go:16.47,17.50 1 0
github.com/rpwatkins/socrates/cmd/refresh.go:17.50,20.4 2 0
github.com/rpwatkins/socrates/cmd/refresh.go:24.13,26.2 1 1
